<?xml version="1.0" encoding="UTF-8"?>
<!-- Generated by org.testng.reporters.JUnitReportReporter -->
<testsuite hostname="LAPTOP-L1JAIT9E" failures="0" tests="1" name="TestRunner.Testrunner" time="60.769" errors="0" timestamp="2021-05-25T15:47:22 IST" skipped="0">
  <testcase classname="TestRunner.Testrunner" name="feature" time="60.769"/>
  <system-out/>
</testsuite> <!-- TestRunner.Testrunner -->
